<?xml version="1.0" encoding="UTF-8"?>
<!-- Generated by org.testng.reporters.JUnitXMLReporter -->
<testsuite hostname="DESKTOP-D9FFKKE" name="TestInternetExplorer" tests="1" failures="0" timestamp="16 Nov 2019 09:00:56 GMT" time="0.622" errors="0">
  <testcase name="@BeforeMethod setUp" time="0.0" classname="sampleGrid.GridExecWithTestNG">
    <failure type="org.openqa.selenium.WebDriverException" message="unknown error: cannot find Microsoft Edge binary
Build info: version: &amp;apos;3.141.59&amp;apos;, revision: &amp;apos;e82be7d358&amp;apos;, time: &amp;apos;2018-11-14T08:25:53&amp;apos;
System info: host: &amp;apos;DESKTOP-D9FFKKE&amp;apos;, ip: &amp;apos;192.168.99.1&amp;apos;, os.name: &amp;apos;Windows 10&amp;apos;, os.arch: &amp;apos;amd64&amp;apos;, os.version: &amp;apos;10.0&amp;apos;, java.version: &amp;apos;1.8.0_191&amp;apos;
Driver info: driver.version: unknown
remote stacktrace: Backtrace:
	Ordinal0 [0x00007FF7BC818AF2+1870578]
	Ordinal0 [0x00007FF7BC7868E2+1272034]
	Ordinal0 [0x00007FF7BC6EF8B1+653489]
	Ordinal0 [0x00007FF7BC660DF7+69111]
	Ordinal0 [0x00007FF7BC6876EA+227050]
	Ordinal0 [0x00007FF7BC6846CF+214735]
	Ordinal0 [0x00007FF7BC666E5F+93791]
	Ordinal0 [0x00007FF7BC667F5E+98142]
	Ordinal0 [0x00007FF7BC7A46A1+1394337]
	GetHandleVerifier [0x00007FF7BC8C6535+574693]
	GetHandleVerifier [0x00007FF7BC8C6281+574001]
	GetHandleVerifier [0x00007FF7BC8CE2EC+606876]
	GetHandleVerifier [0x00007FF7BC8C6D95+576837]
	Ordinal0 [0x00007FF7BC79A1DE+1352158]
	Ordinal0 [0x00007FF7BC7A6AA6+1403558]
	Ordinal0 [0x00007FF7BC7A594D+1399117]
	BaseThreadInitThunk [0x00007FFF3A7A8102+34]
	RtlUserThreadStart [0x00007FFF3CD0C5B4+52]

Command duration or timeout: 601 milliseconds">
      <![CDATA[org.openqa.selenium.WebDriverException: unknown error: cannot find Microsoft Edge binary
Build info: version: '3.141.59', revision: 'e82be7d358', time: '2018-11-14T08:25:53'
System info: host: 'DESKTOP-D9FFKKE', ip: '192.168.99.1', os.name: 'Windows 10', os.arch: 'amd64', os.version: '10.0', java.version: '1.8.0_191'
Driver info: driver.version: unknown
remote stacktrace: Backtrace:
	Ordinal0 [0x00007FF7BC818AF2+1870578]
	Ordinal0 [0x00007FF7BC7868E2+1272034]
	Ordinal0 [0x00007FF7BC6EF8B1+653489]
	Ordinal0 [0x00007FF7BC660DF7+69111]
	Ordinal0 [0x00007FF7BC6876EA+227050]
	Ordinal0 [0x00007FF7BC6846CF+214735]
	Ordinal0 [0x00007FF7BC666E5F+93791]
	Ordinal0 [0x00007FF7BC667F5E+98142]
	Ordinal0 [0x00007FF7BC7A46A1+1394337]
	GetHandleVerifier [0x00007FF7BC8C6535+574693]
	GetHandleVerifier [0x00007FF7BC8C6281+574001]
	GetHandleVerifier [0x00007FF7BC8CE2EC+606876]
	GetHandleVerifier [0x00007FF7BC8C6D95+576837]
	Ordinal0 [0x00007FF7BC79A1DE+1352158]
	Ordinal0 [0x00007FF7BC7A6AA6+1403558]
	Ordinal0 [0x00007FF7BC7A594D+1399117]
	BaseThreadInitThunk [0x00007FFF3A7A8102+34]
	RtlUserThreadStart [0x00007FFF3CD0C5B4+52]

Command duration or timeout: 601 milliseconds
	at org.openqa.selenium.remote.ErrorHandler.createThrowable(ErrorHandler.java:214)
	at org.openqa.selenium.remote.ErrorHandler.throwIfResponseFailed(ErrorHandler.java:166)
	at org.openqa.selenium.remote.JsonWireProtocolResponse.lambda$errorHandler$0(JsonWireProtocolResponse.java:54)
	at org.openqa.selenium.remote.HandshakeResponse.lambda$getResponseFunction$0(HandshakeResponse.java:30)
	at org.openqa.selenium.remote.ProtocolHandshake.lambda$createSession$0(ProtocolHandshake.java:126)
	at java.util.stream.ReferencePipeline$3$1.accept(ReferencePipeline.java:193)
	at java.util.Spliterators$ArraySpliterator.tryAdvance(Spliterators.java:958)
	at java.util.stream.ReferencePipeline.forEachWithCancel(ReferencePipeline.java:126)
	at java.util.stream.AbstractPipeline.copyIntoWithCancel(AbstractPipeline.java:498)
	at java.util.stream.AbstractPipeline.copyInto(AbstractPipeline.java:485)
	at java.util.stream.AbstractPipeline.wrapAndCopyInto(AbstractPipeline.java:471)
	at java.util.stream.FindOps$FindOp.evaluateSequential(FindOps.java:152)
	at java.util.stream.AbstractPipeline.evaluate(AbstractPipeline.java:234)
	at java.util.stream.ReferencePipeline.findFirst(ReferencePipeline.java:464)
	at org.openqa.selenium.remote.ProtocolHandshake.createSession(ProtocolHandshake.java:128)
	at org.openqa.selenium.remote.ProtocolHandshake.createSession(ProtocolHandshake.java:74)
	at org.openqa.selenium.remote.HttpCommandExecutor.execute(HttpCommandExecutor.java:136)
	at org.openqa.selenium.remote.RemoteWebDriver.execute(RemoteWebDriver.java:552)
	at org.openqa.selenium.remote.RemoteWebDriver.startSession(RemoteWebDriver.java:213)
	at org.openqa.selenium.remote.RemoteWebDriver.<init>(RemoteWebDriver.java:131)
	at org.openqa.selenium.remote.RemoteWebDriver.<init>(RemoteWebDriver.java:144)
	at sampleGrid.GridExecWithTestNG.setUp(GridExecWithTestNG.java:41)
Caused by: org.openqa.selenium.WebDriverException: unknown error: cannot find Microsoft Edge binary
Build info: version: '3.141.59', revision: 'e82be7d358', time: '2018-11-14T08:25:53'
System info: host: 'DESKTOP-D9FFKKE', ip: '192.168.99.1', os.name: 'Windows 10', os.arch: 'amd64', os.version: '10.0', java.version: '1.8.0_191'
Driver info: driver.version: unknown
remote stacktrace: Backtrace:
	Ordinal0 [0x00007FF7BC818AF2+1870578]
	Ordinal0 [0x00007FF7BC7868E2+1272034]
	Ordinal0 [0x00007FF7BC6EF8B1+653489]
	Ordinal0 [0x00007FF7BC660DF7+69111]
	Ordinal0 [0x00007FF7BC6876EA+227050]
	Ordinal0 [0x00007FF7BC6846CF+214735]
	Ordinal0 [0x00007FF7BC666E5F+93791]
	Ordinal0 [0x00007FF7BC667F5E+98142]
	Ordinal0 [0x00007FF7BC7A46A1+1394337]
	GetHandleVerifier [0x00007FF7BC8C6535+574693]
	GetHandleVerifier [0x00007FF7BC8C6281+574001]
	GetHandleVerifier [0x00007FF7BC8CE2EC+606876]
	GetHandleVerifier [0x00007FF7BC8C6D95+576837]
	Ordinal0 [0x00007FF7BC79A1DE+1352158]
	Ordinal0 [0x00007FF7BC7A6AA6+1403558]
	Ordinal0 [0x00007FF7BC7A594D+1399117]
	BaseThreadInitThunk [0x00007FFF3A7A8102+34]
	RtlUserThreadStart [0x00007FFF3CD0C5B4+52]

Build info: version: '3.141.59', revision: 'e82be7d358', time: '2018-11-14T08:25:53'
System info: host: 'DESKTOP-D9FFKKE', ip: '192.168.99.1', os.name: 'Windows 10', os.arch: 'amd64', os.version: '10.0', java.version: '1.8.0_191'
Driver info: driver.version: unknown
	at org.openqa.selenium.remote.W3CHandshakeResponse.lambda$errorHandler$0(W3CHandshakeResponse.java:62)
	at org.openqa.selenium.remote.HandshakeResponse.lambda$getResponseFunction$0(HandshakeResponse.java:30)
	at org.openqa.selenium.remote.ProtocolHandshake.lambda$createSession$0(ProtocolHandshake.java:126)
	at java.util.stream.ReferencePipeline$3$1.accept(ReferencePipeline.java:193)
	at java.util.Spliterators$ArraySpliterator.tryAdvance(Spliterators.java:958)
	at java.util.stream.ReferencePipeline.forEachWithCancel(ReferencePipeline.java:126)
	at java.util.stream.AbstractPipeline.copyIntoWithCancel(AbstractPipeline.java:498)
	at java.util.stream.AbstractPipeline.copyInto(AbstractPipeline.java:485)
	at java.util.stream.AbstractPipeline.wrapAndCopyInto(AbstractPipeline.java:471)
	at java.util.stream.FindOps$FindOp.evaluateSequential(FindOps.java:152)
	at java.util.stream.AbstractPipeline.evaluate(AbstractPipeline.java:234)
	at java.util.stream.ReferencePipeline.findFirst(ReferencePipeline.java:464)
	at org.openqa.selenium.remote.ProtocolHandshake.createSession(ProtocolHandshake.java:128)
	at org.openqa.selenium.remote.ProtocolHandshake.createSession(ProtocolHandshake.java:74)
	at org.openqa.selenium.grid.session.remote.RemoteSession$Factory.performHandshake(RemoteSession.java:147)
	at org.openqa.selenium.grid.session.remote.ServicedSession$Factory.apply(ServicedSession.java:161)
	at org.openqa.selenium.remote.server.ActiveSessionFactory.lambda$apply$12(ActiveSessionFactory.java:180)
	at java.util.stream.ReferencePipeline$3$1.accept(ReferencePipeline.java:193)
	at java.util.stream.ReferencePipeline$11$1.accept(ReferencePipeline.java:373)
	at java.util.stream.ReferencePipeline$2$1.accept(ReferencePipeline.java:175)
	at java.util.Spliterators$ArraySpliterator.tryAdvance(Spliterators.java:958)
	at java.util.stream.ReferencePipeline.forEachWithCancel(ReferencePipeline.java:126)
	at java.util.stream.AbstractPipeline.copyIntoWithCancel(AbstractPipeline.java:498)
	at java.util.stream.AbstractPipeline.copyInto(AbstractPipeline.java:485)
	at java.util.stream.AbstractPipeline.wrapAndCopyInto(AbstractPipeline.java:471)
	at java.util.stream.FindOps$FindOp.evaluateSequential(FindOps.java:152)
	at java.util.stream.AbstractPipeline.evaluate(AbstractPipeline.java:234)
	at java.util.stream.ReferencePipeline.findFirst(ReferencePipeline.java:464)
	at org.openqa.selenium.remote.server.ActiveSessionFactory.apply(ActiveSessionFactory.java:183)
	at org.openqa.selenium.remote.server.NewSessionPipeline.lambda$null$2(NewSessionPipeline.java:66)
	at java.util.stream.ReferencePipeline$3$1.accept(ReferencePipeline.java:193)
	at java.util.stream.ReferencePipeline$2$1.accept(ReferencePipeline.java:175)
	at java.util.Collections$2.tryAdvance(Collections.java:4717)
	at java.util.stream.ReferencePipeline.forEachWithCancel(ReferencePipeline.java:126)
	at java.util.stream.AbstractPipeline.copyIntoWithCancel(AbstractPipeline.java:498)
	at java.util.stream.AbstractPipeline.copyInto(AbstractPipeline.java:485)
	at java.util.stream.AbstractPipeline.wrapAndCopyInto(AbstractPipeline.java:471)
	at java.util.stream.FindOps$FindOp.evaluateSequential(FindOps.java:152)
	at java.util.stream.AbstractPipeline.evaluate(AbstractPipeline.java:234)
	at java.util.stream.ReferencePipeline.findFirst(ReferencePipeline.java:464)
	at org.openqa.selenium.remote.server.NewSessionPipeline.lambda$createNewSession$3(NewSessionPipeline.java:69)
	at java.util.stream.ReferencePipeline$3$1.accept(ReferencePipeline.java:193)
	at java.util.stream.ReferencePipeline$3$1.accept(ReferencePipeline.java:193)
	at java.util.stream.ReferencePipeline$3$1.accept(ReferencePipeline.java:193)
	at java.util.stream.DistinctOps$1$2.accept(DistinctOps.java:175)
	at java.util.stream.ReferencePipeline$2$1.accept(ReferencePipeline.java:175)
	at java.util.stream.ReferencePipeline$3$1.accept(ReferencePipeline.java:193)
	at java.util.stream.ReferencePipeline$2$1.accept(ReferencePipeline.java:175)
	at java.util.stream.Streams$StreamBuilderImpl.tryAdvance(Streams.java:405)
	at java.util.stream.Streams$ConcatSpliterator.tryAdvance(Streams.java:728)
	at java.util.stream.ReferencePipeline.forEachWithCancel(ReferencePipeline.java:126)
	at java.util.stream.AbstractPipeline.copyIntoWithCancel(AbstractPipeline.java:498)
	at java.util.stream.AbstractPipeline.copyInto(AbstractPipeline.java:485)
	at java.util.stream.AbstractPipeline.wrapAndCopyInto(AbstractPipeline.java:471)
	at java.util.stream.FindOps$FindOp.evaluateSequential(FindOps.java:152)
	at java.util.stream.AbstractPipeline.evaluate(AbstractPipeline.java:234)
	at java.util.stream.ReferencePipeline.findFirst(ReferencePipeline.java:464)
	at org.openqa.selenium.remote.server.NewSessionPipeline.createNewSession(NewSessionPipeline.java:72)
	at org.openqa.selenium.remote.server.commandhandler.BeginSession.execute(BeginSession.java:65)
	at org.openqa.selenium.remote.server.WebDriverServlet.lambda$handle$0(WebDriverServlet.java:235)
	at java.util.concurrent.Executors$RunnableAdapter.call(Executors.java:511)
	at java.util.concurrent.FutureTask.run(FutureTask.java:266)
	at java.util.concurrent.ThreadPoolExecutor.runWorker(ThreadPoolExecutor.java:1149)
	at java.util.concurrent.ThreadPoolExecutor$Worker.run(ThreadPoolExecutor.java:624)
	at java.lang.Thread.run(Thread.java:748)
... Removed 34 stack frames]]>
    </failure>
  </testcase> <!-- @BeforeMethod setUp -->
  <testcase name="@AfterMethod teardown" time="0.0" classname="sampleGrid.GridExecWithTestNG">
    <skipped/>
  </testcase> <!-- @AfterMethod teardown -->
  <testcase name="testLogin" time="0.0" classname="sampleGrid.GridExecWithTestNG">
    <skipped/>
  </testcase> <!-- testLogin -->
</testsuite> <!-- TestInternetExplorer -->
