<?xml version="1.0" encoding="UTF-8"?>
<!-- Generated by org.testng.reporters.JUnitXMLReporter -->
<testsuite hostname="DESKTOP-D9FFKKE" name="TestFirefox" tests="1" failures="1" timestamp="16 Nov 2019 09:00:50 GMT" time="10.098" errors="0">
  <testcase name="testLogin" time="0.107" classname="sampleGrid.GridExecWithTestNG">
    <failure type="java.lang.AssertionError" message="expected [true] but found [false]">
      <![CDATA[java.lang.AssertionError: expected [true] but found [false]
	at sampleGrid.GridExecWithTestNG.testLogin(GridExecWithTestNG.java:54)
... Removed 28 stack frames]]>
    </failure>
  </testcase> <!-- testLogin -->
</testsuite> <!-- TestFirefox -->
